<spring:beans xmlns:spring="http://www.springframework.org/schema/beans"
			  xmlns:xsi="http://www.w3.org/2001/XMLSchema-instance"
			  xsi:schemaLocation="
				http://www.springframework.org/schema/beans
				http://www.springframework.org/schema/beans/spring-beans.xsd">

	<spring:bean id="publisherBean" class="pl.kubiczak.felix.shark.samples.ioc.blueprint.spring.events.PublisherBean"/>

	<spring:bean id="listenerBean" class="pl.kubiczak.felix.shark.samples.ioc.blueprint.spring.events.ListenerBean"/>

</spring:beans>
